V:\CONOCIMIENTO\TECNICOCIENTIFICO\ELECTRONICA\SENSORESMODULOS\BIOMETRICO\HUELLADACTILAR\GT511C1\GT511C1_DRIVERS\NETDUINOPLUS\PROGRAM\DEBUG\WINCONSOLE.EXE
V:\CONOCIMIENTO\TECNICOCIENTIFICO\ELECTRONICA\SENSORESMODULOS\BIOMETRICO\HUELLADACTILAR\GT511C1\GT511C1_DRIVERS\NETDUINOPLUS\PROGRAM\DEBUG\WINCONSOLE.ILK
V:\CONOCIMIENTO\TECNICOCIENTIFICO\ELECTRONICA\SENSORESMODULOS\BIOMETRICO\HUELLADACTILAR\GT511C1\GT511C1_DRIVERS\NETDUINOPLUS\PROGRAM\DEBUG\WINCONSOLE.PDB
V:\CONOCIMIENTO\TECNICOCIENTIFICO\ELECTRONICA\SENSORESMODULOS\BIOMETRICO\HUELLADACTILAR\GT511C1\GT511C1_DRIVERS\WINDOWS\WINCONSOLE\DEBUG\CCOMMSERIAL.OBJ
V:\CONOCIMIENTO\TECNICOCIENTIFICO\ELECTRONICA\SENSORESMODULOS\BIOMETRICO\HUELLADACTILAR\GT511C1\GT511C1_DRIVERS\WINDOWS\WINCONSOLE\DEBUG\CONSOLE.OBJ
V:\CONOCIMIENTO\TECNICOCIENTIFICO\ELECTRONICA\SENSORESMODULOS\BIOMETRICO\HUELLADACTILAR\GT511C1\GT511C1_DRIVERS\WINDOWS\WINCONSOLE\DEBUG\GT511C1.OBJ
V:\CONOCIMIENTO\TECNICOCIENTIFICO\ELECTRONICA\SENSORESMODULOS\BIOMETRICO\HUELLADACTILAR\GT511C1\GT511C1_DRIVERS\WINDOWS\WINCONSOLE\DEBUG\STDAFX.OBJ
V:\CONOCIMIENTO\TECNICOCIENTIFICO\ELECTRONICA\SENSORESMODULOS\BIOMETRICO\HUELLADACTILAR\GT511C1\GT511C1_DRIVERS\WINDOWS\WINCONSOLE\DEBUG\VC100.PDB
V:\CONOCIMIENTO\TECNICOCIENTIFICO\ELECTRONICA\SENSORESMODULOS\BIOMETRICO\HUELLADACTILAR\GT511C1\GT511C1_DRIVERS\WINDOWS\WINCONSOLE\DEBUG\WINCONSOLE.EXE.EMBED.MANIFEST.RES
V:\CONOCIMIENTO\TECNICOCIENTIFICO\ELECTRONICA\SENSORESMODULOS\BIOMETRICO\HUELLADACTILAR\GT511C1\GT511C1_DRIVERS\WINDOWS\WINCONSOLE\DEBUG\WINCONSOLE.EXE.INTERMEDIATE.MANIFEST
V:\CONOCIMIENTO\TECNICOCIENTIFICO\ELECTRONICA\SENSORESMODULOS\BIOMETRICO\HUELLADACTILAR\GT511C1\GT511C1_DRIVERS\WINDOWS\WINCONSOLE\DEBUG\WINCONSOLE.PCH
V:\CONOCIMIENTO\TECNICOCIENTIFICO\ELECTRONICA\SENSORESMODULOS\BIOMETRICO\HUELLADACTILAR\GT511C1\WINDOWS\WINCONSOLE\DEBUG\CCOMMSERIAL.OBJ
V:\CONOCIMIENTO\TECNICOCIENTIFICO\ELECTRONICA\SENSORESMODULOS\BIOMETRICO\HUELLADACTILAR\GT511C1\WINDOWS\WINCONSOLE\DEBUG\CONSOLE.OBJ
V:\CONOCIMIENTO\TECNICOCIENTIFICO\ELECTRONICA\SENSORESMODULOS\BIOMETRICO\HUELLADACTILAR\GT511C1\WINDOWS\WINCONSOLE\DEBUG\GT511C1.OBJ
V:\CONOCIMIENTO\TECNICOCIENTIFICO\ELECTRONICA\SENSORESMODULOS\BIOMETRICO\HUELLADACTILAR\GT511C1\WINDOWS\WINCONSOLE\DEBUG\STDAFX.OBJ
V:\CONOCIMIENTO\TECNICOCIENTIFICO\ELECTRONICA\SENSORESMODULOS\BIOMETRICO\HUELLADACTILAR\GT511C1\WINDOWS\WINCONSOLE\DEBUG\VC100.PDB
V:\CONOCIMIENTO\TECNICOCIENTIFICO\ELECTRONICA\SENSORESMODULOS\BIOMETRICO\HUELLADACTILAR\GT511C1\WINDOWS\WINCONSOLE\DEBUG\WINCONSOLE.EXE
V:\CONOCIMIENTO\TECNICOCIENTIFICO\ELECTRONICA\SENSORESMODULOS\BIOMETRICO\HUELLADACTILAR\GT511C1\WINDOWS\WINCONSOLE\DEBUG\WINCONSOLE.EXE.EMBED.MANIFEST
V:\CONOCIMIENTO\TECNICOCIENTIFICO\ELECTRONICA\SENSORESMODULOS\BIOMETRICO\HUELLADACTILAR\GT511C1\WINDOWS\WINCONSOLE\DEBUG\WINCONSOLE.EXE.EMBED.MANIFEST.RES
V:\CONOCIMIENTO\TECNICOCIENTIFICO\ELECTRONICA\SENSORESMODULOS\BIOMETRICO\HUELLADACTILAR\GT511C1\WINDOWS\WINCONSOLE\DEBUG\WINCONSOLE.EXE.INTERMEDIATE.MANIFEST
V:\CONOCIMIENTO\TECNICOCIENTIFICO\ELECTRONICA\SENSORESMODULOS\BIOMETRICO\HUELLADACTILAR\GT511C1\WINDOWS\WINCONSOLE\DEBUG\WINCONSOLE.ILK
V:\CONOCIMIENTO\TECNICOCIENTIFICO\ELECTRONICA\SENSORESMODULOS\BIOMETRICO\HUELLADACTILAR\GT511C1\WINDOWS\WINCONSOLE\DEBUG\WINCONSOLE.PCH
V:\CONOCIMIENTO\TECNICOCIENTIFICO\ELECTRONICA\SENSORESMODULOS\BIOMETRICO\HUELLADACTILAR\GT511C1\WINDOWS\WINCONSOLE\DEBUG\WINCONSOLE.PDB
Z:\CONOCIMIENTO\TECNICOCIENTIFICO\ELECTRONICA\SENSORESMODULOS\BIOMETRICO\HUELLADACTILAR\GT511C1\GT511C1_DRIVERS\NETDUINOPLUS\PROGRAM\DEBUG\WINCONSOLE.EXE
Z:\CONOCIMIENTO\TECNICOCIENTIFICO\ELECTRONICA\SENSORESMODULOS\BIOMETRICO\HUELLADACTILAR\GT511C1\GT511C1_DRIVERS\NETDUINOPLUS\PROGRAM\DEBUG\WINCONSOLE.ILK
Z:\CONOCIMIENTO\TECNICOCIENTIFICO\ELECTRONICA\SENSORESMODULOS\BIOMETRICO\HUELLADACTILAR\GT511C1\GT511C1_DRIVERS\NETDUINOPLUS\PROGRAM\DEBUG\WINCONSOLE.PDB
Z:\CONOCIMIENTO\TECNICOCIENTIFICO\ELECTRONICA\SENSORESMODULOS\BIOMETRICO\HUELLADACTILAR\GT511C1\GT511C1_DRIVERS\WINDOWS\WINCONSOLE\DEBUG\CCOMMSERIAL.OBJ
Z:\Conocimiento\TecnicoCientifico\Electronica\SensoresModulos\Biometrico\HuellaDactilar\GT511C1\GT511C1_Drivers\Windows\WinConsole\Debug\cl.command.1.tlog
Z:\Conocimiento\TecnicoCientifico\Electronica\SensoresModulos\Biometrico\HuellaDactilar\GT511C1\GT511C1_Drivers\Windows\WinConsole\Debug\cl.read.1.tlog
Z:\Conocimiento\TecnicoCientifico\Electronica\SensoresModulos\Biometrico\HuellaDactilar\GT511C1\GT511C1_Drivers\Windows\WinConsole\Debug\cl.write.1.tlog
Z:\CONOCIMIENTO\TECNICOCIENTIFICO\ELECTRONICA\SENSORESMODULOS\BIOMETRICO\HUELLADACTILAR\GT511C1\GT511C1_DRIVERS\WINDOWS\WINCONSOLE\DEBUG\CONSOLE.OBJ
Z:\CONOCIMIENTO\TECNICOCIENTIFICO\ELECTRONICA\SENSORESMODULOS\BIOMETRICO\HUELLADACTILAR\GT511C1\GT511C1_DRIVERS\WINDOWS\WINCONSOLE\DEBUG\GT511C1.OBJ
Z:\Conocimiento\TecnicoCientifico\Electronica\SensoresModulos\Biometrico\HuellaDactilar\GT511C1\GT511C1_Drivers\Windows\WinConsole\Debug\link.5172.read.1.tlog
Z:\Conocimiento\TecnicoCientifico\Electronica\SensoresModulos\Biometrico\HuellaDactilar\GT511C1\GT511C1_Drivers\Windows\WinConsole\Debug\link.5172.write.1.tlog
Z:\Conocimiento\TecnicoCientifico\Electronica\SensoresModulos\Biometrico\HuellaDactilar\GT511C1\GT511C1_Drivers\Windows\WinConsole\Debug\link.5172-cvtres.read.1.tlog
Z:\Conocimiento\TecnicoCientifico\Electronica\SensoresModulos\Biometrico\HuellaDactilar\GT511C1\GT511C1_Drivers\Windows\WinConsole\Debug\link.5172-cvtres.write.1.tlog
Z:\Conocimiento\TecnicoCientifico\Electronica\SensoresModulos\Biometrico\HuellaDactilar\GT511C1\GT511C1_Drivers\Windows\WinConsole\Debug\link.command.1.tlog
Z:\Conocimiento\TecnicoCientifico\Electronica\SensoresModulos\Biometrico\HuellaDactilar\GT511C1\GT511C1_Drivers\Windows\WinConsole\Debug\link.read.1.tlog
Z:\Conocimiento\TecnicoCientifico\Electronica\SensoresModulos\Biometrico\HuellaDactilar\GT511C1\GT511C1_Drivers\Windows\WinConsole\Debug\link.write.1.tlog
Z:\Conocimiento\TecnicoCientifico\Electronica\SensoresModulos\Biometrico\HuellaDactilar\GT511C1\GT511C1_Drivers\Windows\WinConsole\Debug\link-cvtres.read.1.tlog
Z:\Conocimiento\TecnicoCientifico\Electronica\SensoresModulos\Biometrico\HuellaDactilar\GT511C1\GT511C1_Drivers\Windows\WinConsole\Debug\link-cvtres.write.1.tlog
Z:\Conocimiento\TecnicoCientifico\Electronica\SensoresModulos\Biometrico\HuellaDactilar\GT511C1\GT511C1_Drivers\Windows\WinConsole\Debug\mt.command.1.tlog
Z:\Conocimiento\TecnicoCientifico\Electronica\SensoresModulos\Biometrico\HuellaDactilar\GT511C1\GT511C1_Drivers\Windows\WinConsole\Debug\mt.read.1.tlog
Z:\Conocimiento\TecnicoCientifico\Electronica\SensoresModulos\Biometrico\HuellaDactilar\GT511C1\GT511C1_Drivers\Windows\WinConsole\Debug\mt.write.1.tlog
Z:\Conocimiento\TecnicoCientifico\Electronica\SensoresModulos\Biometrico\HuellaDactilar\GT511C1\GT511C1_Drivers\Windows\WinConsole\Debug\rc.command.1.tlog
Z:\Conocimiento\TecnicoCientifico\Electronica\SensoresModulos\Biometrico\HuellaDactilar\GT511C1\GT511C1_Drivers\Windows\WinConsole\Debug\rc.read.1.tlog
Z:\Conocimiento\TecnicoCientifico\Electronica\SensoresModulos\Biometrico\HuellaDactilar\GT511C1\GT511C1_Drivers\Windows\WinConsole\Debug\rc.write.1.tlog
Z:\CONOCIMIENTO\TECNICOCIENTIFICO\ELECTRONICA\SENSORESMODULOS\BIOMETRICO\HUELLADACTILAR\GT511C1\GT511C1_DRIVERS\WINDOWS\WINCONSOLE\DEBUG\STDAFX.OBJ
Z:\Conocimiento\TecnicoCientifico\Electronica\SensoresModulos\Biometrico\HuellaDactilar\GT511C1\GT511C1_Drivers\Windows\WinConsole\Debug\vc100.idb
Z:\CONOCIMIENTO\TECNICOCIENTIFICO\ELECTRONICA\SENSORESMODULOS\BIOMETRICO\HUELLADACTILAR\GT511C1\GT511C1_DRIVERS\WINDOWS\WINCONSOLE\DEBUG\VC100.PDB
Z:\Conocimiento\TecnicoCientifico\Electronica\SensoresModulos\Biometrico\HuellaDactilar\GT511C1\GT511C1_Drivers\Windows\WinConsole\Debug\WinConsole.exe
Z:\Conocimiento\TecnicoCientifico\Electronica\SensoresModulos\Biometrico\HuellaDactilar\GT511C1\GT511C1_Drivers\Windows\WinConsole\Debug\WinConsole.exe.embed.manifest
Z:\CONOCIMIENTO\TECNICOCIENTIFICO\ELECTRONICA\SENSORESMODULOS\BIOMETRICO\HUELLADACTILAR\GT511C1\GT511C1_DRIVERS\WINDOWS\WINCONSOLE\DEBUG\WINCONSOLE.EXE.EMBED.MANIFEST.RES
Z:\CONOCIMIENTO\TECNICOCIENTIFICO\ELECTRONICA\SENSORESMODULOS\BIOMETRICO\HUELLADACTILAR\GT511C1\GT511C1_DRIVERS\WINDOWS\WINCONSOLE\DEBUG\WINCONSOLE.EXE.INTERMEDIATE.MANIFEST
Z:\Conocimiento\TecnicoCientifico\Electronica\SensoresModulos\Biometrico\HuellaDactilar\GT511C1\GT511C1_Drivers\Windows\WinConsole\Debug\WinConsole.ilk
Z:\CONOCIMIENTO\TECNICOCIENTIFICO\ELECTRONICA\SENSORESMODULOS\BIOMETRICO\HUELLADACTILAR\GT511C1\GT511C1_DRIVERS\WINDOWS\WINCONSOLE\DEBUG\WINCONSOLE.PCH
Z:\Conocimiento\TecnicoCientifico\Electronica\SensoresModulos\Biometrico\HuellaDactilar\GT511C1\GT511C1_Drivers\Windows\WinConsole\Debug\WinConsole.pdb
Z:\Conocimiento\TecnicoCientifico\Electronica\SensoresModulos\Biometrico\HuellaDactilar\GT511C1\GT511C1_Drivers\Windows\WinConsole\Debug\WinConsole_manifest.rc
